{"/Users/Leo/Documents/projects/aws/urlshoter/src/handlers/redirect-to-url.js": {"path":"/Users/Leo/Documents/projects/aws/urlshoter/src/handlers/redirect-to-url.js","statementMap":{"0":{"start":{"line":1,"column":17},"end":{"line":1,"column":52}},"1":{"start":{"line":2,"column":18},"end":{"line":2,"column":47}},"2":{"start":{"line":4,"column":18},"end":{"line":4,"column":39}},"3":{"start":{"line":9,"column":0},"end":{"line":39,"column":1}},"4":{"start":{"line":10,"column":4},"end":{"line":10,"column":37}},"5":{"start":{"line":12,"column":4},"end":{"line":17,"column":5}},"6":{"start":{"line":13,"column":25},"end":{"line":15,"column":9}},"7":{"start":{"line":16,"column":8},"end":{"line":16,"column":24}},"8":{"start":{"line":19,"column":19},"end":{"line":19,"column":43}},"9":{"start":{"line":21,"column":17},"end":{"line":24,"column":5}},"10":{"start":{"line":26,"column":19},"end":{"line":26,"column":56}},"11":{"start":{"line":28,"column":4},"end":{"line":28,"column":39}},"12":{"start":{"line":30,"column":21},"end":{"line":35,"column":5}},"13":{"start":{"line":37,"column":4},"end":{"line":37,"column":39}},"14":{"start":{"line":38,"column":4},"end":{"line":38,"column":20}},"15":{"start":{"line":42,"column":4},"end":{"line":42,"column":35}}},"fnMap":{"0":{"name":"(anonymous_0)","decl":{"start":{"line":9,"column":37},"end":{"line":9,"column":38}},"loc":{"start":{"line":9,"column":54},"end":{"line":39,"column":1}},"line":9},"1":{"name":"getShotIdFromPath","decl":{"start":{"line":41,"column":9},"end":{"line":41,"column":26}},"loc":{"start":{"line":41,"column":34},"end":{"line":43,"column":1}},"line":41}},"branchMap":{"0":{"loc":{"start":{"line":12,"column":4},"end":{"line":17,"column":5}},"type":"if","locations":[{"start":{"line":12,"column":4},"end":{"line":17,"column":5}},{"start":{"line":12,"column":4},"end":{"line":17,"column":5}}],"line":12}},"s":{"0":1,"1":1,"2":1,"3":1,"4":2,"5":2,"6":1,"7":1,"8":1,"9":1,"10":1,"11":1,"12":1,"13":1,"14":1,"15":1},"f":{"0":2,"1":1},"b":{"0":[1,1]},"_coverageSchema":"43e27e138ebf9cfc5966b082cf9a028302ed4184","hash":"dc798ba4abacbe13a8b9d2ee83f72c0e15ab7314"}
,"/Users/Leo/Documents/projects/aws/urlshoter/src/handlers/to-shot-url.js": {"path":"/Users/Leo/Documents/projects/aws/urlshoter/src/handlers/to-shot-url.js","statementMap":{"0":{"start":{"line":1,"column":17},"end":{"line":1,"column":52}},"1":{"start":{"line":2,"column":18},"end":{"line":2,"column":47}},"2":{"start":{"line":3,"column":18},"end":{"line":3,"column":36}},"3":{"start":{"line":5,"column":18},"end":{"line":5,"column":39}},"4":{"start":{"line":10,"column":0},"end":{"line":46,"column":1}},"5":{"start":{"line":11,"column":4},"end":{"line":11,"column":37}},"6":{"start":{"line":13,"column":4},"end":{"line":17,"column":5}},"7":{"start":{"line":14,"column":8},"end":{"line":16,"column":10}},"8":{"start":{"line":19,"column":4},"end":{"line":45,"column":5}},"9":{"start":{"line":21,"column":21},"end":{"line":21,"column":43}},"10":{"start":{"line":22,"column":26},"end":{"line":22,"column":34}},"11":{"start":{"line":23,"column":23},"end":{"line":23,"column":43}},"12":{"start":{"line":25,"column":21},"end":{"line":28,"column":9}},"13":{"start":{"line":31,"column":8},"end":{"line":31,"column":46}},"14":{"start":{"line":33,"column":25},"end":{"line":36,"column":9}},"15":{"start":{"line":37,"column":8},"end":{"line":37,"column":44}},"16":{"start":{"line":39,"column":8},"end":{"line":39,"column":24}},"17":{"start":{"line":41,"column":8},"end":{"line":41,"column":44}},"18":{"start":{"line":42,"column":8},"end":{"line":44,"column":10}}},"fnMap":{"0":{"name":"(anonymous_0)","decl":{"start":{"line":10,"column":33},"end":{"line":10,"column":34}},"loc":{"start":{"line":10,"column":50},"end":{"line":46,"column":1}},"line":10}},"branchMap":{"0":{"loc":{"start":{"line":13,"column":4},"end":{"line":17,"column":5}},"type":"if","locations":[{"start":{"line":13,"column":4},"end":{"line":17,"column":5}},{"start":{"line":13,"column":4},"end":{"line":17,"column":5}}],"line":13}},"s":{"0":1,"1":1,"2":1,"3":1,"4":1,"5":2,"6":2,"7":1,"8":1,"9":1,"10":1,"11":1,"12":1,"13":1,"14":1,"15":1,"16":1,"17":0,"18":0},"f":{"0":2},"b":{"0":[1,1]},"_coverageSchema":"43e27e138ebf9cfc5966b082cf9a028302ed4184","hash":"130ed663ae482174b790225cf03794ad70c5a8d9"}
}
