TN:
SF:/Users/Leo/Documents/projects/aws/urlshoter/src/handlers/redirect-to-url.js
FN:9,(anonymous_0)
FN:41,getShotIdFromPath
FNF:2
FNH:2
FNDA:2,(anonymous_0)
FNDA:1,getShotIdFromPath
DA:1,1
DA:2,1
DA:4,1
DA:9,1
DA:10,2
DA:12,2
DA:13,1
DA:16,1
DA:19,1
DA:21,1
DA:26,1
DA:28,1
DA:30,1
DA:37,1
DA:38,1
DA:42,1
LF:16
LH:16
BRDA:12,0,0,1
BRDA:12,0,1,1
BRF:2
BRH:2
end_of_record
TN:
SF:/Users/Leo/Documents/projects/aws/urlshoter/src/handlers/to-shot-url.js
FN:10,(anonymous_0)
FNF:1
FNH:1
FNDA:2,(anonymous_0)
DA:1,1
DA:2,1
DA:3,1
DA:5,1
DA:10,1
DA:11,2
DA:13,2
DA:14,1
DA:19,1
DA:21,1
DA:22,1
DA:23,1
DA:25,1
DA:31,1
DA:33,1
DA:40,1
DA:42,1
DA:44,0
DA:45,0
LF:19
LH:17
BRDA:13,0,0,1
BRDA:13,0,1,1
BRF:2
BRH:2
end_of_record
